<?xml version="1.0" encoding="UTF-8"?>
<testsuite name="com.rlasb.admin.web.domain.posts.PostsRepositoryTest" tests="1" skipped="0" failures="0" errors="0" timestamp="2021-09-22T13:29:46" hostname="DESKTOP-LU8M4M6" time="0.582">
  <properties/>
  <testcase name="게시글저장_불러오기" classname="com.rlasb.admin.web.domain.posts.PostsRepositoryTest" time="0.582"/>
  <system-out><![CDATA[22:29:40.341 [Test worker] DEBUG org.springframework.test.context.junit4.SpringJUnit4ClassRunner - SpringJUnit4ClassRunner constructor called with [class com.rlasb.admin.web.domain.posts.PostsRepositoryTest]
22:29:40.351 [Test worker] DEBUG org.springframework.test.context.BootstrapUtils - Instantiating CacheAwareContextLoaderDelegate from class [org.springframework.test.context.cache.DefaultCacheAwareContextLoaderDelegate]
22:29:40.361 [Test worker] DEBUG org.springframework.test.context.BootstrapUtils - Instantiating BootstrapContext using constructor [public org.springframework.test.context.support.DefaultBootstrapContext(java.lang.Class,org.springframework.test.context.CacheAwareContextLoaderDelegate)]
22:29:40.386 [Test worker] DEBUG org.springframework.test.context.BootstrapUtils - Instantiating TestContextBootstrapper for test class [com.rlasb.admin.web.domain.posts.PostsRepositoryTest] from class [org.springframework.boot.test.context.SpringBootTestContextBootstrapper]
22:29:40.405 [Test worker] INFO org.springframework.boot.test.context.SpringBootTestContextBootstrapper - Neither @ContextConfiguration nor @ContextHierarchy found for test class [com.rlasb.admin.web.domain.posts.PostsRepositoryTest], using SpringBootContextLoader
22:29:40.409 [Test worker] DEBUG org.springframework.test.context.support.AbstractContextLoader - Did not detect default resource location for test class [com.rlasb.admin.web.domain.posts.PostsRepositoryTest]: class path resource [com/rlasb/admin/web/domain/posts/PostsRepositoryTest-context.xml] does not exist
22:29:40.410 [Test worker] DEBUG org.springframework.test.context.support.AbstractContextLoader - Did not detect default resource location for test class [com.rlasb.admin.web.domain.posts.PostsRepositoryTest]: class path resource [com/rlasb/admin/web/domain/posts/PostsRepositoryTestContext.groovy] does not exist
22:29:40.410 [Test worker] INFO org.springframework.test.context.support.AbstractContextLoader - Could not detect default resource locations for test class [com.rlasb.admin.web.domain.posts.PostsRepositoryTest]: no resource found for suffixes {-context.xml, Context.groovy}.
22:29:40.411 [Test worker] INFO org.springframework.test.context.support.AnnotationConfigContextLoaderUtils - Could not detect default configuration classes for test class [com.rlasb.admin.web.domain.posts.PostsRepositoryTest]: PostsRepositoryTest does not declare any static, non-private, non-final, nested classes annotated with @Configuration.
22:29:40.465 [Test worker] DEBUG org.springframework.test.context.support.ActiveProfilesUtils - Could not find an 'annotation declaring class' for annotation type [org.springframework.test.context.ActiveProfiles] and class [com.rlasb.admin.web.domain.posts.PostsRepositoryTest]
22:29:40.593 [Test worker] DEBUG org.springframework.context.annotation.ClassPathScanningCandidateComponentProvider - Identified candidate component class: file [C:\Users\강지우\Documents\SpringProject\WebCommunity\build\classes\java\main\com\rlasb\admin\Application.class]
22:29:40.594 [Test worker] INFO org.springframework.boot.test.context.SpringBootTestContextBootstrapper - Found @SpringBootConfiguration com.rlasb.admin.Application for test class com.rlasb.admin.web.domain.posts.PostsRepositoryTest
22:29:40.718 [Test worker] DEBUG org.springframework.boot.test.context.SpringBootTestContextBootstrapper - @TestExecutionListeners is not present for class [com.rlasb.admin.web.domain.posts.PostsRepositoryTest]: using defaults.
22:29:40.718 [Test worker] INFO org.springframework.boot.test.context.SpringBootTestContextBootstrapper - Loaded default TestExecutionListener class names from location [META-INF/spring.factories]: [org.springframework.boot.test.autoconfigure.restdocs.RestDocsTestExecutionListener, org.springframework.boot.test.autoconfigure.web.client.MockRestServiceServerResetTestExecutionListener, org.springframework.boot.test.autoconfigure.web.servlet.MockMvcPrintOnlyOnFailureTestExecutionListener, org.springframework.boot.test.autoconfigure.web.servlet.WebDriverTestExecutionListener, org.springframework.boot.test.mock.mockito.MockitoTestExecutionListener, org.springframework.boot.test.mock.mockito.ResetMocksTestExecutionListener, org.springframework.test.context.web.ServletTestExecutionListener, org.springframework.test.context.support.DirtiesContextBeforeModesTestExecutionListener, org.springframework.test.context.support.DependencyInjectionTestExecutionListener, org.springframework.test.context.support.DirtiesContextTestExecutionListener, org.springframework.test.context.transaction.TransactionalTestExecutionListener, org.springframework.test.context.jdbc.SqlScriptsTestExecutionListener]
22:29:40.743 [Test worker] INFO org.springframework.boot.test.context.SpringBootTestContextBootstrapper - Using TestExecutionListeners: [org.springframework.test.context.web.ServletTestExecutionListener@4daa3e45, org.springframework.test.context.support.DirtiesContextBeforeModesTestExecutionListener@79f8a913, org.springframework.boot.test.mock.mockito.MockitoTestExecutionListener@6bf733da, org.springframework.boot.test.autoconfigure.SpringBootDependencyInjectionTestExecutionListener@4653dfb4, org.springframework.test.context.support.DirtiesContextTestExecutionListener@5a97892d, org.springframework.test.context.transaction.TransactionalTestExecutionListener@669b035d, org.springframework.test.context.jdbc.SqlScriptsTestExecutionListener@342095b7, org.springframework.boot.test.autoconfigure.restdocs.RestDocsTestExecutionListener@6cd642f8, org.springframework.boot.test.autoconfigure.web.client.MockRestServiceServerResetTestExecutionListener@aee70ae, org.springframework.boot.test.autoconfigure.web.servlet.MockMvcPrintOnlyOnFailureTestExecutionListener@34510b45, org.springframework.boot.test.autoconfigure.web.servlet.WebDriverTestExecutionListener@4ecbd55, org.springframework.boot.test.mock.mockito.ResetMocksTestExecutionListener@5af3eeb2]
22:29:40.747 [Test worker] DEBUG org.springframework.test.annotation.ProfileValueUtils - Retrieved @ProfileValueSourceConfiguration [null] for test class [com.rlasb.admin.web.domain.posts.PostsRepositoryTest]
22:29:40.748 [Test worker] DEBUG org.springframework.test.annotation.ProfileValueUtils - Retrieved ProfileValueSource type [class org.springframework.test.annotation.SystemProfileValueSource] for class [com.rlasb.admin.web.domain.posts.PostsRepositoryTest]
22:29:40.751 [Test worker] DEBUG org.springframework.test.annotation.ProfileValueUtils - Retrieved @ProfileValueSourceConfiguration [null] for test class [com.rlasb.admin.web.domain.posts.PostsRepositoryTest]
22:29:40.751 [Test worker] DEBUG org.springframework.test.annotation.ProfileValueUtils - Retrieved ProfileValueSource type [class org.springframework.test.annotation.SystemProfileValueSource] for class [com.rlasb.admin.web.domain.posts.PostsRepositoryTest]
22:29:40.752 [Test worker] DEBUG org.springframework.test.annotation.ProfileValueUtils - Retrieved @ProfileValueSourceConfiguration [null] for test class [com.rlasb.admin.web.domain.posts.PostsRepositoryTest]
22:29:40.752 [Test worker] DEBUG org.springframework.test.annotation.ProfileValueUtils - Retrieved ProfileValueSource type [class org.springframework.test.annotation.SystemProfileValueSource] for class [com.rlasb.admin.web.domain.posts.PostsRepositoryTest]
22:29:40.757 [Test worker] DEBUG org.springframework.test.context.support.AbstractDirtiesContextTestExecutionListener - Before test class: context [DefaultTestContext@3d479304 testClass = PostsRepositoryTest, testInstance = [null], testMethod = [null], testException = [null], mergedContextConfiguration = [WebMergedContextConfiguration@48021eb2 testClass = PostsRepositoryTest, locations = '{}', classes = '{class com.rlasb.admin.Application}', contextInitializerClasses = '[]', activeProfiles = '{}', propertySourceLocations = '{}', propertySourceProperties = '{org.springframework.boot.test.context.SpringBootTestContextBootstrapper=true}', contextCustomizers = set[org.springframework.boot.test.autoconfigure.properties.PropertyMappingContextCustomizer@0, org.springframework.boot.test.autoconfigure.web.servlet.WebDriverContextCustomizerFactory$Customizer@5cbb1901, org.springframework.boot.test.context.filter.ExcludeFilterContextCustomizer@7189f99a, org.springframework.boot.test.json.DuplicateJsonObjectContextCustomizerFactory$DuplicateJsonObjectContextCustomizer@2e76b238, org.springframework.boot.test.mock.mockito.MockitoContextCustomizer@0, org.springframework.boot.test.web.client.TestRestTemplateContextCustomizer@24ccc6ab], resourceBasePath = 'src/main/webapp', contextLoader = 'org.springframework.boot.test.context.SpringBootContextLoader', parent = [null]], attributes = map['org.springframework.test.context.web.ServletTestExecutionListener.activateListener' -> true]], class annotated with @DirtiesContext [false] with mode [null].
22:29:40.758 [Test worker] DEBUG org.springframework.test.annotation.ProfileValueUtils - Retrieved @ProfileValueSourceConfiguration [null] for test class [com.rlasb.admin.web.domain.posts.PostsRepositoryTest]
22:29:40.758 [Test worker] DEBUG org.springframework.test.annotation.ProfileValueUtils - Retrieved ProfileValueSource type [class org.springframework.test.annotation.SystemProfileValueSource] for class [com.rlasb.admin.web.domain.posts.PostsRepositoryTest]
22:29:40.784 [Test worker] DEBUG org.springframework.test.context.support.TestPropertySourceUtils - Adding inlined properties to environment: {spring.jmx.enabled=false, org.springframework.boot.test.context.SpringBootTestContextBootstrapper=true, server.port=-1}

  .   ____          _            __ _ _
 /\\ / ___'_ __ _ _(_)_ __  __ _ \ \ \ \
( ( )\___ | '_ | '_| | '_ \/ _` | \ \ \ \
 \\/  ___)| |_)| | | | | || (_| |  ) ) ) )
  '  |____| .__|_| |_|_| |_\__, | / / / /
 =========|_|==============|___/=/_/_/_/
 :: Spring Boot ::        (v2.1.7.RELEASE)

2021-09-22 22:29:41.101  INFO 15020 --- [    Test worker] c.r.a.w.d.posts.PostsRepositoryTest      : Starting PostsRepositoryTest on DESKTOP-LU8M4M6 with PID 15020 (started by 강지우 in C:\Users\강지우\Documents\SpringProject\WebCommunity)
2021-09-22 22:29:41.103  INFO 15020 --- [    Test worker] c.r.a.w.d.posts.PostsRepositoryTest      : No active profile set, falling back to default profiles: default
2021-09-22 22:29:41.974  INFO 15020 --- [    Test worker] .s.d.r.c.RepositoryConfigurationDelegate : Bootstrapping Spring Data repositories in DEFAULT mode.
2021-09-22 22:29:42.067  INFO 15020 --- [    Test worker] .s.d.r.c.RepositoryConfigurationDelegate : Finished Spring Data repository scanning in 81ms. Found 1 repository interfaces.
2021-09-22 22:29:42.522  INFO 15020 --- [    Test worker] trationDelegate$BeanPostProcessorChecker : Bean 'org.springframework.transaction.annotation.ProxyTransactionManagementConfiguration' of type [org.springframework.transaction.annotation.ProxyTransactionManagementConfiguration$$EnhancerBySpringCGLIB$$5d2e89f3] is not eligible for getting processed by all BeanPostProcessors (for example: not eligible for auto-proxying)
2021-09-22 22:29:42.793  INFO 15020 --- [    Test worker] com.zaxxer.hikari.HikariDataSource       : HikariPool-1 - Starting...
2021-09-22 22:29:43.045  INFO 15020 --- [    Test worker] com.zaxxer.hikari.HikariDataSource       : HikariPool-1 - Start completed.
2021-09-22 22:29:43.151  INFO 15020 --- [    Test worker] o.hibernate.jpa.internal.util.LogHelper  : HHH000204: Processing PersistenceUnitInfo [
	name: default
	...]
2021-09-22 22:29:43.257  INFO 15020 --- [    Test worker] org.hibernate.Version                    : HHH000412: Hibernate Core {5.3.10.Final}
2021-09-22 22:29:43.260  INFO 15020 --- [    Test worker] org.hibernate.cfg.Environment            : HHH000206: hibernate.properties not found
2021-09-22 22:29:43.485  INFO 15020 --- [    Test worker] o.hibernate.annotations.common.Version   : HCANN000001: Hibernate Commons Annotations {5.0.4.Final}
2021-09-22 22:29:43.720  INFO 15020 --- [    Test worker] org.hibernate.dialect.Dialect            : HHH000400: Using dialect: org.hibernate.dialect.MySQL5InnoDBDialect
Hibernate: drop table if exists posts
Hibernate: create table posts (id bigint not null auto_increment, author varchar(255), content TEXT not null, title varchar(500) not null, primary key (id)) engine=InnoDB
2021-09-22 22:29:44.600  INFO 15020 --- [    Test worker] o.h.t.schema.internal.SchemaCreatorImpl  : HHH000476: Executing import script 'org.hibernate.tool.schema.internal.exec.ScriptSourceInputNonExistentImpl@66a53d0d'
2021-09-22 22:29:44.605  INFO 15020 --- [    Test worker] j.LocalContainerEntityManagerFactoryBean : Initialized JPA EntityManagerFactory for persistence unit 'default'
2021-09-22 22:29:45.882  INFO 15020 --- [    Test worker] o.s.s.concurrent.ThreadPoolTaskExecutor  : Initializing ExecutorService 'applicationTaskExecutor'
2021-09-22 22:29:45.962  WARN 15020 --- [    Test worker] aWebConfiguration$JpaWebMvcConfiguration : spring.jpa.open-in-view is enabled by default. Therefore, database queries may be performed during view rendering. Explicitly configure spring.jpa.open-in-view to disable this warning
2021-09-22 22:29:46.534  INFO 15020 --- [    Test worker] c.r.a.w.d.posts.PostsRepositoryTest      : Started PostsRepositoryTest in 5.74 seconds (JVM running for 7.8)
Hibernate: insert into posts (author, content, title) values (?, ?, ?)
2021-09-22 22:29:46.929  INFO 15020 --- [    Test worker] o.h.h.i.QueryTranslatorFactoryInitiator  : HHH000397: Using ASTQueryTranslatorFactory
Hibernate: select posts0_.id as id1_0_, posts0_.author as author2_0_, posts0_.content as content3_0_, posts0_.title as title4_0_ from posts posts0_
Hibernate: select posts0_.id as id1_0_, posts0_.author as author2_0_, posts0_.content as content3_0_, posts0_.title as title4_0_ from posts posts0_
Hibernate: delete from posts where id=?
]]></system-out>
  <system-err><![CDATA[]]></system-err>
</testsuite>
