<?xml version="1.0" encoding="UTF-8"?>
<testsuite name="com.rlasb.admin.web.domain.posts.PostsRepositoryTest" tests="1" skipped="0" failures="0" errors="0" timestamp="2021-09-12T04:20:45" hostname="DESKTOP-LU8M4M6" time="1.566">
  <properties/>
  <testcase name="게시글저장_불러오기" classname="com.rlasb.admin.web.domain.posts.PostsRepositoryTest" time="1.566"/>
  <system-out><![CDATA[13:20:26.954 [Test worker] DEBUG org.springframework.test.context.junit4.SpringJUnit4ClassRunner - SpringJUnit4ClassRunner constructor called with [class com.rlasb.admin.web.domain.posts.PostsRepositoryTest]
13:20:26.982 [Test worker] DEBUG org.springframework.test.context.BootstrapUtils - Instantiating CacheAwareContextLoaderDelegate from class [org.springframework.test.context.cache.DefaultCacheAwareContextLoaderDelegate]
13:20:27.010 [Test worker] DEBUG org.springframework.test.context.BootstrapUtils - Instantiating BootstrapContext using constructor [public org.springframework.test.context.support.DefaultBootstrapContext(java.lang.Class,org.springframework.test.context.CacheAwareContextLoaderDelegate)]
13:20:27.071 [Test worker] DEBUG org.springframework.test.context.BootstrapUtils - Instantiating TestContextBootstrapper for test class [com.rlasb.admin.web.domain.posts.PostsRepositoryTest] from class [org.springframework.boot.test.context.SpringBootTestContextBootstrapper]
13:20:27.119 [Test worker] INFO org.springframework.boot.test.context.SpringBootTestContextBootstrapper - Neither @ContextConfiguration nor @ContextHierarchy found for test class [com.rlasb.admin.web.domain.posts.PostsRepositoryTest], using SpringBootContextLoader
13:20:27.130 [Test worker] DEBUG org.springframework.test.context.support.AbstractContextLoader - Did not detect default resource location for test class [com.rlasb.admin.web.domain.posts.PostsRepositoryTest]: class path resource [com/rlasb/admin/web/domain/posts/PostsRepositoryTest-context.xml] does not exist
13:20:27.132 [Test worker] DEBUG org.springframework.test.context.support.AbstractContextLoader - Did not detect default resource location for test class [com.rlasb.admin.web.domain.posts.PostsRepositoryTest]: class path resource [com/rlasb/admin/web/domain/posts/PostsRepositoryTestContext.groovy] does not exist
13:20:27.132 [Test worker] INFO org.springframework.test.context.support.AbstractContextLoader - Could not detect default resource locations for test class [com.rlasb.admin.web.domain.posts.PostsRepositoryTest]: no resource found for suffixes {-context.xml, Context.groovy}.
13:20:27.135 [Test worker] INFO org.springframework.test.context.support.AnnotationConfigContextLoaderUtils - Could not detect default configuration classes for test class [com.rlasb.admin.web.domain.posts.PostsRepositoryTest]: PostsRepositoryTest does not declare any static, non-private, non-final, nested classes annotated with @Configuration.
13:20:27.282 [Test worker] DEBUG org.springframework.test.context.support.ActiveProfilesUtils - Could not find an 'annotation declaring class' for annotation type [org.springframework.test.context.ActiveProfiles] and class [com.rlasb.admin.web.domain.posts.PostsRepositoryTest]
13:20:27.577 [Test worker] DEBUG org.springframework.context.annotation.ClassPathScanningCandidateComponentProvider - Identified candidate component class: file [C:\Users\강지우\Documents\SpringProject\WebCommunity\build\classes\java\main\com\rlasb\admin\Application.class]
13:20:27.580 [Test worker] INFO org.springframework.boot.test.context.SpringBootTestContextBootstrapper - Found @SpringBootConfiguration com.rlasb.admin.Application for test class com.rlasb.admin.web.domain.posts.PostsRepositoryTest
13:20:27.967 [Test worker] DEBUG org.springframework.boot.test.context.SpringBootTestContextBootstrapper - @TestExecutionListeners is not present for class [com.rlasb.admin.web.domain.posts.PostsRepositoryTest]: using defaults.
13:20:27.970 [Test worker] INFO org.springframework.boot.test.context.SpringBootTestContextBootstrapper - Loaded default TestExecutionListener class names from location [META-INF/spring.factories]: [org.springframework.boot.test.autoconfigure.restdocs.RestDocsTestExecutionListener, org.springframework.boot.test.autoconfigure.web.client.MockRestServiceServerResetTestExecutionListener, org.springframework.boot.test.autoconfigure.web.servlet.MockMvcPrintOnlyOnFailureTestExecutionListener, org.springframework.boot.test.autoconfigure.web.servlet.WebDriverTestExecutionListener, org.springframework.boot.test.mock.mockito.MockitoTestExecutionListener, org.springframework.boot.test.mock.mockito.ResetMocksTestExecutionListener, org.springframework.test.context.web.ServletTestExecutionListener, org.springframework.test.context.support.DirtiesContextBeforeModesTestExecutionListener, org.springframework.test.context.support.DependencyInjectionTestExecutionListener, org.springframework.test.context.support.DirtiesContextTestExecutionListener, org.springframework.test.context.transaction.TransactionalTestExecutionListener, org.springframework.test.context.jdbc.SqlScriptsTestExecutionListener]
13:20:28.061 [Test worker] INFO org.springframework.boot.test.context.SpringBootTestContextBootstrapper - Using TestExecutionListeners: [org.springframework.test.context.web.ServletTestExecutionListener@66db2cad, org.springframework.test.context.support.DirtiesContextBeforeModesTestExecutionListener@2973d75c, org.springframework.boot.test.mock.mockito.MockitoTestExecutionListener@7a27d85f, org.springframework.boot.test.autoconfigure.SpringBootDependencyInjectionTestExecutionListener@6c5f939e, org.springframework.test.context.support.DirtiesContextTestExecutionListener@535e74fc, org.springframework.test.context.transaction.TransactionalTestExecutionListener@64a080fc, org.springframework.test.context.jdbc.SqlScriptsTestExecutionListener@20014917, org.springframework.boot.test.autoconfigure.restdocs.RestDocsTestExecutionListener@30d2edea, org.springframework.boot.test.autoconfigure.web.client.MockRestServiceServerResetTestExecutionListener@108b8698, org.springframework.boot.test.autoconfigure.web.servlet.MockMvcPrintOnlyOnFailureTestExecutionListener@704c5315, org.springframework.boot.test.autoconfigure.web.servlet.WebDriverTestExecutionListener@5a2ff5fa, org.springframework.boot.test.mock.mockito.ResetMocksTestExecutionListener@7d35eee8]
13:20:28.073 [Test worker] DEBUG org.springframework.test.annotation.ProfileValueUtils - Retrieved @ProfileValueSourceConfiguration [null] for test class [com.rlasb.admin.web.domain.posts.PostsRepositoryTest]
13:20:28.075 [Test worker] DEBUG org.springframework.test.annotation.ProfileValueUtils - Retrieved ProfileValueSource type [class org.springframework.test.annotation.SystemProfileValueSource] for class [com.rlasb.admin.web.domain.posts.PostsRepositoryTest]
13:20:28.089 [Test worker] DEBUG org.springframework.test.annotation.ProfileValueUtils - Retrieved @ProfileValueSourceConfiguration [null] for test class [com.rlasb.admin.web.domain.posts.PostsRepositoryTest]
13:20:28.090 [Test worker] DEBUG org.springframework.test.annotation.ProfileValueUtils - Retrieved ProfileValueSource type [class org.springframework.test.annotation.SystemProfileValueSource] for class [com.rlasb.admin.web.domain.posts.PostsRepositoryTest]
13:20:28.092 [Test worker] DEBUG org.springframework.test.annotation.ProfileValueUtils - Retrieved @ProfileValueSourceConfiguration [null] for test class [com.rlasb.admin.web.domain.posts.PostsRepositoryTest]
13:20:28.093 [Test worker] DEBUG org.springframework.test.annotation.ProfileValueUtils - Retrieved ProfileValueSource type [class org.springframework.test.annotation.SystemProfileValueSource] for class [com.rlasb.admin.web.domain.posts.PostsRepositoryTest]
13:20:28.111 [Test worker] DEBUG org.springframework.test.context.support.AbstractDirtiesContextTestExecutionListener - Before test class: context [DefaultTestContext@5035f35c testClass = PostsRepositoryTest, testInstance = [null], testMethod = [null], testException = [null], mergedContextConfiguration = [WebMergedContextConfiguration@6bf2d2ab testClass = PostsRepositoryTest, locations = '{}', classes = '{class com.rlasb.admin.Application}', contextInitializerClasses = '[]', activeProfiles = '{}', propertySourceLocations = '{}', propertySourceProperties = '{org.springframework.boot.test.context.SpringBootTestContextBootstrapper=true}', contextCustomizers = set[org.springframework.boot.test.autoconfigure.properties.PropertyMappingContextCustomizer@0, org.springframework.boot.test.autoconfigure.web.servlet.WebDriverContextCustomizerFactory$Customizer@4b5c9e6c, org.springframework.boot.test.context.filter.ExcludeFilterContextCustomizer@4e6d8e0d, org.springframework.boot.test.json.DuplicateJsonObjectContextCustomizerFactory$DuplicateJsonObjectContextCustomizer@235c6b0d, org.springframework.boot.test.mock.mockito.MockitoContextCustomizer@0, org.springframework.boot.test.web.client.TestRestTemplateContextCustomizer@96c1416], resourceBasePath = 'src/main/webapp', contextLoader = 'org.springframework.boot.test.context.SpringBootContextLoader', parent = [null]], attributes = map['org.springframework.test.context.web.ServletTestExecutionListener.activateListener' -> true]], class annotated with @DirtiesContext [false] with mode [null].
13:20:28.114 [Test worker] DEBUG org.springframework.test.annotation.ProfileValueUtils - Retrieved @ProfileValueSourceConfiguration [null] for test class [com.rlasb.admin.web.domain.posts.PostsRepositoryTest]
13:20:28.115 [Test worker] DEBUG org.springframework.test.annotation.ProfileValueUtils - Retrieved ProfileValueSource type [class org.springframework.test.annotation.SystemProfileValueSource] for class [com.rlasb.admin.web.domain.posts.PostsRepositoryTest]
13:20:28.203 [Test worker] DEBUG org.springframework.test.context.support.TestPropertySourceUtils - Adding inlined properties to environment: {spring.jmx.enabled=false, org.springframework.boot.test.context.SpringBootTestContextBootstrapper=true, server.port=-1}

  .   ____          _            __ _ _
 /\\ / ___'_ __ _ _(_)_ __  __ _ \ \ \ \
( ( )\___ | '_ | '_| | '_ \/ _` | \ \ \ \
 \\/  ___)| |_)| | | | | || (_| |  ) ) ) )
  '  |____| .__|_| |_|_| |_\__, | / / / /
 =========|_|==============|___/=/_/_/_/
 :: Spring Boot ::        (v2.1.7.RELEASE)

2021-09-12 13:20:29.170  INFO 18088 --- [    Test worker] c.r.a.w.d.posts.PostsRepositoryTest      : Starting PostsRepositoryTest on DESKTOP-LU8M4M6 with PID 18088 (started by 강지우 in C:\Users\강지우\Documents\SpringProject\WebCommunity)
2021-09-12 13:20:29.173  INFO 18088 --- [    Test worker] c.r.a.w.d.posts.PostsRepositoryTest      : No active profile set, falling back to default profiles: default
2021-09-12 13:20:31.570  INFO 18088 --- [    Test worker] .s.d.r.c.RepositoryConfigurationDelegate : Bootstrapping Spring Data repositories in DEFAULT mode.
2021-09-12 13:20:31.876  INFO 18088 --- [    Test worker] .s.d.r.c.RepositoryConfigurationDelegate : Finished Spring Data repository scanning in 258ms. Found 1 repository interfaces.
2021-09-12 13:20:33.300  INFO 18088 --- [    Test worker] trationDelegate$BeanPostProcessorChecker : Bean 'org.springframework.transaction.annotation.ProxyTransactionManagementConfiguration' of type [org.springframework.transaction.annotation.ProxyTransactionManagementConfiguration$$EnhancerBySpringCGLIB$$8a158792] is not eligible for getting processed by all BeanPostProcessors (for example: not eligible for auto-proxying)
2021-09-12 13:20:34.016  INFO 18088 --- [    Test worker] com.zaxxer.hikari.HikariDataSource       : HikariPool-1 - Starting...
2021-09-12 13:20:34.861  INFO 18088 --- [    Test worker] com.zaxxer.hikari.HikariDataSource       : HikariPool-1 - Start completed.
2021-09-12 13:20:35.209  INFO 18088 --- [    Test worker] o.hibernate.jpa.internal.util.LogHelper  : HHH000204: Processing PersistenceUnitInfo [
	name: default
	...]
2021-09-12 13:20:35.614  INFO 18088 --- [    Test worker] org.hibernate.Version                    : HHH000412: Hibernate Core {5.3.10.Final}
2021-09-12 13:20:35.622  INFO 18088 --- [    Test worker] org.hibernate.cfg.Environment            : HHH000206: hibernate.properties not found
2021-09-12 13:20:36.373  INFO 18088 --- [    Test worker] o.hibernate.annotations.common.Version   : HCANN000001: Hibernate Commons Annotations {5.0.4.Final}
2021-09-12 13:20:37.056  INFO 18088 --- [    Test worker] org.hibernate.dialect.Dialect            : HHH000400: Using dialect: org.hibernate.dialect.MySQL5InnoDBDialect
Hibernate: drop table if exists posts
Hibernate: create table posts (id bigint not null auto_increment, author varchar(255), content TEXT not null, title varchar(500) not null, primary key (id)) engine=InnoDB
2021-09-12 13:20:40.078  INFO 18088 --- [    Test worker] o.h.t.schema.internal.SchemaCreatorImpl  : HHH000476: Executing import script 'org.hibernate.tool.schema.internal.exec.ScriptSourceInputNonExistentImpl@19638370'
2021-09-12 13:20:40.092  INFO 18088 --- [    Test worker] j.LocalContainerEntityManagerFactoryBean : Initialized JPA EntityManagerFactory for persistence unit 'default'
2021-09-12 13:20:43.353  INFO 18088 --- [    Test worker] o.s.s.concurrent.ThreadPoolTaskExecutor  : Initializing ExecutorService 'applicationTaskExecutor'
2021-09-12 13:20:43.587  WARN 18088 --- [    Test worker] aWebConfiguration$JpaWebMvcConfiguration : spring.jpa.open-in-view is enabled by default. Therefore, database queries may be performed during view rendering. Explicitly configure spring.jpa.open-in-view to disable this warning
2021-09-12 13:20:44.122  WARN 18088 --- [    Test worker] o.s.b.a.m.MustacheAutoConfiguration      : Cannot find template location: classpath:/templates/ (please add some templates, check your Mustache configuration, or set spring.mustache.check-template-location=false)
2021-09-12 13:20:45.165  INFO 18088 --- [    Test worker] c.r.a.w.d.posts.PostsRepositoryTest      : Started PostsRepositoryTest in 16.925 seconds (JVM running for 22.185)
Hibernate: insert into posts (author, content, title) values (?, ?, ?)
2021-09-12 13:20:46.120  INFO 18088 --- [    Test worker] o.h.h.i.QueryTranslatorFactoryInitiator  : HHH000397: Using ASTQueryTranslatorFactory
Hibernate: select posts0_.id as id1_0_, posts0_.author as author2_0_, posts0_.content as content3_0_, posts0_.title as title4_0_ from posts posts0_
Hibernate: select posts0_.id as id1_0_, posts0_.author as author2_0_, posts0_.content as content3_0_, posts0_.title as title4_0_ from posts posts0_
Hibernate: delete from posts where id=?
]]></system-out>
  <system-err><![CDATA[]]></system-err>
</testsuite>
